<?xml version="1.0" encoding="UTF-8"?>
<testng-results ignored="0" total="1" passed="1" failed="0" skipped="0">
  <reporter-output>
  </reporter-output>
  <suite started-at="2024-06-04T09:38:15 IST" name="Default suite" finished-at="2024-06-04T09:38:29 IST" duration-ms="14388">
    <groups>
    </groups>
    <test started-at="2024-06-04T09:38:15 IST" name="Default test" finished-at="2024-06-04T09:38:29 IST" duration-ms="14388">
      <class name="extentreport.AttachScreenShot">
        <test-method signature="screenshot()[pri:0, instance:extentreport.AttachScreenShot@31304f14]" started-at="2024-06-04T09:38:15 IST" name="screenshot" finished-at="2024-06-04T09:38:29 IST" duration-ms="14338" status="PASS">
          <reporter-output>
          </reporter-output>
        </test-method> <!-- screenshot -->
      </class> <!-- extentreport.AttachScreenShot -->
    </test> <!-- Default test -->
  </suite> <!-- Default suite -->
</testng-results>
